Created Log At:16.8.2016
16.8.2016 INFO:New Request Arrive /?url=http://google.com
16.8.2016 INFO:Request Format is OK
16.8.2016 INFO:Loading HTML from zombie browser
16.8.2016 INFO:New Request Arrive /?url=https://gisapp.taldor.co.il/KeshetAnnan/%25D7%25A2%25D7%2599%25D7%259F%2520%25D7%2592%25D7%25A0%25D7%2599%25D7%259D%252022%2520%25D7%25A4%25D7%25AA%25D7%2597%2520%25D7%25AA%25D7%25A7%25D7%2595%25D7%2595%25D7%2594
16.8.2016 INFO:Request Format is OK
16.8.2016 INFO:Loding response from sanpshoots!
16.8.2016 INFO:Return Sanpshoot HTML !
16.8.2016 INFO:New Request Arrive /css/dis/bundleCSS.min.css?v=1.0.1
16.8.2016 INFO:Request Format is OK
16.8.2016 INFO:Loding response from sanpshoots!
16.8.2016 INFO:Return Sanpshoot HTML !
16.8.2016 INFO:New Request Arrive /KeshetAnnan/scripts/dis/bundleJS.js?v=1.0.1
16.8.2016 INFO:Request Format is OK
16.8.2016 INFO:Loding response from sanpshoots!
16.8.2016 INFO:Return Sanpshoot HTML !
16.8.2016 INFO:New Request Arrive /KeshetAnnan/MainLoader.js?v=1.0.1
16.8.2016 INFO:Request Format is OK
16.8.2016 INFO:Loding response from sanpshoots!
16.8.2016 INFO:Return Sanpshoot HTML !
16.8.2016 INFO:New Request Arrive /KeshetAnnan/KeshetAnan/keshetAnanMain.js?v=1.0.4
16.8.2016 INFO:Request Format is OK
16.8.2016 INFO:Loding response from sanpshoots!
16.8.2016 INFO:Return Sanpshoot HTML !
16.8.2016 INFO:New Request Arrive /KeshetAnan/Config/AppConstants.js?v=1.0.4
16.8.2016 INFO:Request Format is OK
16.8.2016 INFO:Loding response from sanpshoots!
16.8.2016 INFO:Return Sanpshoot HTML !
16.8.2016 INFO:New Request Arrive /KeshetAnan/Config/UIStateConfig.js?v=1.0.4
16.8.2016 INFO:Request Format is OK
16.8.2016 INFO:Loding response from sanpshoots!
16.8.2016 INFO:Return Sanpshoot HTML !
16.8.2016 INFO:New Request Arrive /KeshetAnan/Controllers/out.controllers.js?v=1.0.4
16.8.2016 INFO:Request Format is OK
16.8.2016 INFO:Loding response from sanpshoots!
16.8.2016 INFO:Return Sanpshoot HTML !
16.8.2016 INFO:New Request Arrive /KeshetAnan/Directives/out.directives.js?v=1.0.4
16.8.2016 INFO:Request Format is OK
16.8.2016 INFO:Loding response from sanpshoots!
16.8.2016 INFO:Return Sanpshoot HTML !
16.8.2016 INFO:New Request Arrive /KeshetAnan/Services/out.services.js?v=1.0.4
16.8.2016 INFO:Request Format is OK
16.8.2016 INFO:Loding response from sanpshoots!
16.8.2016 INFO:Return Sanpshoot HTML !
16.8.2016 INFO:New Request Arrive /KeshetAnan/Global/GeometryRequest.js?v=1.0.4
16.8.2016 INFO:Request Format is OK
16.8.2016 INFO:Loding response from sanpshoots!
16.8.2016 INFO:Return Sanpshoot HTML !
16.8.2016 INFO:New Request Arrive /KeshetAnan/Global/SearchResultObject.js?v=1.0.4
16.8.2016 INFO:Request Format is OK
16.8.2016 INFO:Loding response from sanpshoots!
16.8.2016 INFO:Return Sanpshoot HTML !
16.8.2016 INFO:New Request Arrive /KeshetAnan/Global/NavLevels.js?v=1.0.4
16.8.2016 INFO:Request Format is OK
16.8.2016 INFO:Loding response from sanpshoots!
16.8.2016 INFO:Return Sanpshoot HTML !
16.8.2016 INFO:New Request Arrive /KeshetAnan/Config/SerializationHelper.js?v=1.0.4
16.8.2016 INFO:Request Format is OK
16.8.2016 INFO:Loding response from sanpshoots!
16.8.2016 INFO:Return Sanpshoot HTML !
16.8.2016 INFO:New Request Arrive /KeshetAnnan/images/realestate.png
16.8.2016 INFO:Request Format is OK
16.8.2016 INFO:Loding response from sanpshoots!
16.8.2016 INFO:Return Sanpshoot HTML !
16.8.2016 INFO:New Request Arrive /KeshetAnnan/images/gov.png
16.8.2016 INFO:Request Format is OK
16.8.2016 INFO:Loding response from sanpshoots!
16.8.2016 INFO:Return Sanpshoot HTML !
16.8.2016 INFO:New Request Arrive /KeshetAnnan/images/new_shape.png
16.8.2016 INFO:Request Format is OK
16.8.2016 INFO:Loding response from sanpshoots!
16.8.2016 INFO:Return Sanpshoot HTML !
16.8.2016 INFO:New Request Arrive /KeshetAnnan/images/ic_search.png
16.8.2016 INFO:Request Format is OK
16.8.2016 INFO:Loding response from sanpshoots!
16.8.2016 INFO:Return Sanpshoot HTML !
16.8.2016 INFO:New Request Arrive /KeshetAnnan/images/pricingLogo.png
16.8.2016 INFO:Request Format is OK
16.8.2016 INFO:Loding response from sanpshoots!
16.8.2016 INFO:Return Sanpshoot HTML !
16.8.2016 INFO:New Request Arrive /KeshetAnnan/images/israel.png
16.8.2016 INFO:Request Format is OK
16.8.2016 INFO:Loding response from sanpshoots!
16.8.2016 INFO:Return Sanpshoot HTML !
16.8.2016 INFO:New Request Arrive /KeshetAnnan/images/kablan_man.png
16.8.2016 INFO:Request Format is OK
16.8.2016 INFO:Loding response from sanpshoots!
16.8.2016 INFO:Return Sanpshoot HTML !
16.8.2016 INFO:New Request Arrive /KeshetAnnan/images/f_info.png
16.8.2016 INFO:Request Format is OK
16.8.2016 INFO:Loding response from sanpshoots!
16.8.2016 INFO:Return Sanpshoot HTML !
16.8.2016 INFO:New Request Arrive /KeshetAnnan/images/desktop.png
16.8.2016 INFO:Request Format is OK
16.8.2016 INFO:Loding response from sanpshoots!
16.8.2016 INFO:Return Sanpshoot HTML !
16.8.2016 INFO:New Request Arrive /KeshetAnnan/images/tablet.png
16.8.2016 INFO:Request Format is OK
16.8.2016 INFO:Loding response from sanpshoots!
16.8.2016 INFO:Return Sanpshoot HTML !
16.8.2016 INFO:New Request Arrive /KeshetAnnan/images/mobile.png
16.8.2016 INFO:Request Format is OK
16.8.2016 INFO:Loding response from sanpshoots!
16.8.2016 INFO:Return Sanpshoot HTML !
16.8.2016 INFO:New Request Arrive /favicon.ico
16.8.2016 INFO:Request Format is OK
16.8.2016 INFO:Loding response from sanpshoots!
16.8.2016 INFO:Return Sanpshoot HTML !
16.8.2016 INFO:New Request Arrive /?url=https://gisapp.taldor.co.il/KeshetAnnan/
16.8.2016 INFO:Request Format is OK
16.8.2016 INFO:Loading HTML from zombie browser
16.8.2016 INFO:Callback recived from Phantom
16.8.2016 INFO:Creatring a snapshoot for url:https://gisapp.taldor.co.il/KeshetAnnan/
16.8.2016 INFO:Snapshoot created successfully
16.8.2016 INFO:Return Phantom HTML OK for url :https://gisapp.taldor.co.il/KeshetAnnan/!
16.8.2016 INFO:New Request Arrive /css/dis/bundleCSS.min.css?v=1.0.4
16.8.2016 INFO:Request Format is OK
16.8.2016 INFO:Loading HTML from zombie browser
16.8.2016 INFO:New Request Arrive /KeshetAnnan/MainLoader.js?v=1.0.4
16.8.2016 INFO:Request Format is OK
16.8.2016 INFO:Loading HTML from zombie browser
16.8.2016 INFO:New Request Arrive /KeshetAnnan/KeshetAnan/keshetAnanMain.js?v=1.0.4
16.8.2016 INFO:Request Format is OK
16.8.2016 INFO:Loding response from sanpshoots!
16.8.2016 INFO:Return Sanpshoot HTML !
16.8.2016 INFO:New Request Arrive /KeshetAnnan/scripts/dis/bundleJS.js?v=1.0.4
16.8.2016 INFO:Request Format is OK
16.8.2016 INFO:Loading HTML from zombie browser
16.8.2016 INFO:New Request Arrive /KeshetAnan/Config/AppConstants.js?v=1.0.4
16.8.2016 INFO:Request Format is OK
16.8.2016 INFO:Loding response from sanpshoots!
16.8.2016 INFO:Return Sanpshoot HTML !
16.8.2016 INFO:New Request Arrive /KeshetAnan/Config/UIStateConfig.js?v=1.0.4
16.8.2016 INFO:Request Format is OK
16.8.2016 INFO:Loding response from sanpshoots!
16.8.2016 INFO:Return Sanpshoot HTML !
16.8.2016 INFO:New Request Arrive /KeshetAnan/Controllers/out.controllers.js?v=1.0.4
16.8.2016 INFO:Request Format is OK
16.8.2016 INFO:Loding response from sanpshoots!
16.8.2016 INFO:Return Sanpshoot HTML !
16.8.2016 INFO:New Request Arrive /KeshetAnan/Directives/out.directives.js?v=1.0.4
16.8.2016 INFO:Request Format is OK
16.8.2016 INFO:Loding response from sanpshoots!
16.8.2016 INFO:Return Sanpshoot HTML !
16.8.2016 INFO:New Request Arrive /KeshetAnan/Services/out.services.js?v=1.0.4
16.8.2016 INFO:Request Format is OK
16.8.2016 INFO:Loding response from sanpshoots!
16.8.2016 INFO:Return Sanpshoot HTML !
16.8.2016 INFO:New Request Arrive /KeshetAnan/Global/GeometryRequest.js?v=1.0.4
16.8.2016 INFO:Request Format is OK
16.8.2016 INFO:Loding response from sanpshoots!
16.8.2016 INFO:Return Sanpshoot HTML !
16.8.2016 INFO:New Request Arrive /KeshetAnan/Global/SearchResultObject.js?v=1.0.4
16.8.2016 INFO:Request Format is OK
16.8.2016 INFO:Loding response from sanpshoots!
16.8.2016 INFO:Return Sanpshoot HTML !
16.8.2016 INFO:New Request Arrive /KeshetAnan/Global/NavLevels.js?v=1.0.4
16.8.2016 INFO:Request Format is OK
16.8.2016 INFO:Loding response from sanpshoots!
16.8.2016 INFO:Return Sanpshoot HTML !
16.8.2016 INFO:New Request Arrive /KeshetAnan/Config/SerializationHelper.js?v=1.0.4
16.8.2016 INFO:Request Format is OK
16.8.2016 INFO:Loding response from sanpshoots!
16.8.2016 INFO:Return Sanpshoot HTML !
16.8.2016 INFO:New Request Arrive /KeshetAnnan/images/israel.png
16.8.2016 INFO:Request Format is OK
16.8.2016 INFO:Loding response from sanpshoots!
16.8.2016 INFO:Return Sanpshoot HTML !
16.8.2016 INFO:New Request Arrive /KeshetAnnan/images/gov.png
16.8.2016 INFO:Request Format is OK
16.8.2016 INFO:Loding response from sanpshoots!
16.8.2016 INFO:Return Sanpshoot HTML !
16.8.2016 INFO:New Request Arrive /KeshetAnnan/images/realestate.png
16.8.2016 INFO:Request Format is OK
16.8.2016 INFO:Loding response from sanpshoots!
16.8.2016 INFO:Return Sanpshoot HTML !
16.8.2016 INFO:New Request Arrive /KeshetAnnan/images/pricingLogo.png
16.8.2016 INFO:Request Format is OK
16.8.2016 INFO:Loding response from sanpshoots!
16.8.2016 INFO:Return Sanpshoot HTML !
16.8.2016 INFO:New Request Arrive /KeshetAnnan/images/titleHomePage.png
16.8.2016 INFO:Request Format is OK
16.8.2016 INFO:Loading HTML from zombie browser
